[2026-07-12 16:47:46,413] 28 root - INFO - Enter the data ingestion method or component
[2026-07-12 16:47:46,448] 33 root - INFO - Read the dataset as DataFrame
[2026-07-12 16:47:46,466] 41 root - INFO - Train test split initiated
[2026-07-12 16:47:46,499] 49 root - INFO - Ingestion of the data is completed
[2026-07-12 16:47:46,527] 90 root - INFO - Read train and test data completed
[2026-07-12 16:47:46,527] 91 root - INFO - Obtaining preprocessing object
[2026-07-12 16:47:46,527] 65 root - INFO - Categorical columns: ['gender', 'race_ethnicity', 'parental_level_of_education', 'lunch', 'test_preparation_course']
[2026-07-12 16:47:46,527] 66 root - INFO - Numerical columns: ['writing_score', 'reading_score']
[2026-07-12 16:47:46,527] 67 root - INFO - Numerical columns standard scaling completed
[2026-07-12 16:47:46,527] 68 root - INFO - Categorical columns encoding completed
[2026-07-12 16:47:46,537] 107 root - INFO - Applying preprocessing object on training dataframe and testing dataframe
[2026-07-12 16:47:46,571] 123 root - INFO - Saved preprocessing object
[2026-07-12 16:47:46,578] 90 root - INFO - Read train and test data completed
[2026-07-12 16:47:46,578] 91 root - INFO - Obtaining preprocessing object
[2026-07-12 16:47:46,578] 65 root - INFO - Categorical columns: ['gender', 'race_ethnicity', 'parental_level_of_education', 'lunch', 'test_preparation_course']
[2026-07-12 16:47:46,578] 66 root - INFO - Numerical columns: ['writing_score', 'reading_score']
[2026-07-12 16:47:46,579] 67 root - INFO - Numerical columns standard scaling completed
[2026-07-12 16:47:46,579] 68 root - INFO - Categorical columns encoding completed
[2026-07-12 16:47:46,580] 107 root - INFO - Applying preprocessing object on training dataframe and testing dataframe
[2026-07-12 16:47:46,597] 123 root - INFO - Saved preprocessing object
